<?xml version="1.0" encoding="UTF-8"?>
<testng-results ignored="0" total="12" passed="12" failed="0" skipped="0">
  <reporter-output>
  </reporter-output>
  <suite started-at="2024-10-18T01:05:08 IST" name="Login Test Suite" finished-at="2024-10-18T01:06:02 IST" duration-ms="53737">
    <groups>
    </groups>
    <test started-at="2024-10-18T01:05:08 IST" name="Edge Test" finished-at="2024-10-18T01:05:41 IST" duration-ms="32963">
      <class name="loginScripts.LoginTest">
        <test-method is-config="true" signature="setUp(java.lang.String)[pri:0, instance:loginScripts.LoginTest@294a6b8e]" started-at="2024-10-18T01:05:08 IST" name="setUp" finished-at="2024-10-18T01:05:17 IST" duration-ms="8552" status="PASS">
          <params>
            <param index="0">
              <value>
                <![CDATA[edge]]>
              </value>
            </param>
          </params>
          <reporter-output>
          </reporter-output>
        </test-method> <!-- setUp -->
        <test-method signature="loginTest(java.lang.String,java.lang.String,boolean)[pri:0, instance:loginScripts.LoginTest@294a6b8e]" started-at="2024-10-18T01:05:17 IST" name="loginTest" data-provider="loginData" finished-at="2024-10-18T01:05:21 IST" duration-ms="4034" status="PASS">
          <params>
            <param index="0">
              <value>
                <![CDATA[ajitsuryawanshi65392@gmail.com]]>
              </value>
            </param>
            <param index="1">
              <value>
                <![CDATA[1234]]>
              </value>
            </param>
            <param index="2">
              <value>
                <![CDATA[true]]>
              </value>
            </param>
          </params>
          <reporter-output>
          </reporter-output>
        </test-method> <!-- loginTest -->
        <test-method is-config="true" signature="tearDown()[pri:0, instance:loginScripts.LoginTest@294a6b8e]" started-at="2024-10-18T01:05:21 IST" name="tearDown" finished-at="2024-10-18T01:05:22 IST" duration-ms="1475" status="PASS">
          <reporter-output>
          </reporter-output>
        </test-method> <!-- tearDown -->
        <test-method is-config="true" signature="setUp(java.lang.String)[pri:0, instance:loginScripts.LoginTest@294a6b8e]" started-at="2024-10-18T01:05:22 IST" name="setUp" finished-at="2024-10-18T01:05:27 IST" duration-ms="4734" status="PASS">
          <params>
            <param index="0">
              <value>
                <![CDATA[edge]]>
              </value>
            </param>
          </params>
          <reporter-output>
          </reporter-output>
        </test-method> <!-- setUp -->
        <test-method signature="loginTest(java.lang.String,java.lang.String,boolean)[pri:0, instance:loginScripts.LoginTest@294a6b8e]" started-at="2024-10-18T01:05:27 IST" name="loginTest" data-provider="loginData" finished-at="2024-10-18T01:05:28 IST" duration-ms="1254" status="PASS">
          <params>
            <param index="0">
              <value>
                <![CDATA[wrongemail@gmail.com]]>
              </value>
            </param>
            <param index="1">
              <value>
                <![CDATA[wrongpass]]>
              </value>
            </param>
            <param index="2">
              <value>
                <![CDATA[false]]>
              </value>
            </param>
          </params>
          <reporter-output>
          </reporter-output>
        </test-method> <!-- loginTest -->
        <test-method is-config="true" signature="tearDown()[pri:0, instance:loginScripts.LoginTest@294a6b8e]" started-at="2024-10-18T01:05:28 IST" name="tearDown" finished-at="2024-10-18T01:05:30 IST" duration-ms="1406" status="PASS">
          <reporter-output>
          </reporter-output>
        </test-method> <!-- tearDown -->
        <test-method is-config="true" signature="setUp(java.lang.String)[pri:0, instance:loginScripts.LoginTest@294a6b8e]" started-at="2024-10-18T01:05:30 IST" name="setUp" finished-at="2024-10-18T01:05:33 IST" duration-ms="2972" status="PASS">
          <params>
            <param index="0">
              <value>
                <![CDATA[edge]]>
              </value>
            </param>
          </params>
          <reporter-output>
          </reporter-output>
        </test-method> <!-- setUp -->
        <test-method signature="loginTest(java.lang.String,java.lang.String,boolean)[pri:0, instance:loginScripts.LoginTest@294a6b8e]" started-at="2024-10-18T01:05:33 IST" name="loginTest" data-provider="loginData" finished-at="2024-10-18T01:05:34 IST" duration-ms="1217" status="PASS">
          <params>
            <param index="0">
              <value>
                <![CDATA[]]>
              </value>
            </param>
            <param index="1">
              <value>
                <![CDATA[1234]]>
              </value>
            </param>
            <param index="2">
              <value>
                <![CDATA[false]]>
              </value>
            </param>
          </params>
          <reporter-output>
          </reporter-output>
        </test-method> <!-- loginTest -->
        <test-method is-config="true" signature="tearDown()[pri:0, instance:loginScripts.LoginTest@294a6b8e]" started-at="2024-10-18T01:05:34 IST" name="tearDown" finished-at="2024-10-18T01:05:35 IST" duration-ms="1402" status="PASS">
          <reporter-output>
          </reporter-output>
        </test-method> <!-- tearDown -->
        <test-method is-config="true" signature="setUp(java.lang.String)[pri:0, instance:loginScripts.LoginTest@294a6b8e]" started-at="2024-10-18T01:05:35 IST" name="setUp" finished-at="2024-10-18T01:05:38 IST" duration-ms="2897" status="PASS">
          <params>
            <param index="0">
              <value>
                <![CDATA[edge]]>
              </value>
            </param>
          </params>
          <reporter-output>
          </reporter-output>
        </test-method> <!-- setUp -->
        <test-method signature="loginTest(java.lang.String,java.lang.String,boolean)[pri:0, instance:loginScripts.LoginTest@294a6b8e]" started-at="2024-10-18T01:05:38 IST" name="loginTest" data-provider="loginData" finished-at="2024-10-18T01:05:40 IST" duration-ms="1574" status="PASS">
          <params>
            <param index="0">
              <value>
                <![CDATA[ajitsuryawanshi65392@gmail.com]]>
              </value>
            </param>
            <param index="1">
              <value>
                <![CDATA[]]>
              </value>
            </param>
            <param index="2">
              <value>
                <![CDATA[false]]>
              </value>
            </param>
          </params>
          <reporter-output>
          </reporter-output>
        </test-method> <!-- loginTest -->
        <test-method is-config="true" signature="tearDown()[pri:0, instance:loginScripts.LoginTest@294a6b8e]" started-at="2024-10-18T01:05:40 IST" name="tearDown" finished-at="2024-10-18T01:05:41 IST" duration-ms="1297" status="PASS">
          <reporter-output>
          </reporter-output>
        </test-method> <!-- tearDown -->
      </class> <!-- loginScripts.LoginTest -->
    </test> <!-- Edge Test -->
    <test started-at="2024-10-18T01:05:08 IST" name="Chrome Test" finished-at="2024-10-18T01:05:42 IST" duration-ms="33441">
      <class name="loginScripts.LoginTest">
        <test-method is-config="true" signature="setUp(java.lang.String)[pri:0, instance:loginScripts.LoginTest@3ad2e17]" started-at="2024-10-18T01:05:08 IST" name="setUp" finished-at="2024-10-18T01:05:17 IST" duration-ms="8203" status="PASS">
          <params>
            <param index="0">
              <value>
                <![CDATA[chrome]]>
              </value>
            </param>
          </params>
          <reporter-output>
          </reporter-output>
        </test-method> <!-- setUp -->
        <test-method signature="loginTest(java.lang.String,java.lang.String,boolean)[pri:0, instance:loginScripts.LoginTest@3ad2e17]" started-at="2024-10-18T01:05:17 IST" name="loginTest" data-provider="loginData" finished-at="2024-10-18T01:05:29 IST" duration-ms="12516" status="PASS">
          <params>
            <param index="0">
              <value>
                <![CDATA[ajitsuryawanshi65392@gmail.com]]>
              </value>
            </param>
            <param index="1">
              <value>
                <![CDATA[1234]]>
              </value>
            </param>
            <param index="2">
              <value>
                <![CDATA[true]]>
              </value>
            </param>
          </params>
          <reporter-output>
          </reporter-output>
        </test-method> <!-- loginTest -->
        <test-method is-config="true" signature="tearDown()[pri:0, instance:loginScripts.LoginTest@3ad2e17]" started-at="2024-10-18T01:05:29 IST" name="tearDown" finished-at="2024-10-18T01:05:30 IST" duration-ms="332" status="PASS">
          <reporter-output>
          </reporter-output>
        </test-method> <!-- tearDown -->
        <test-method is-config="true" signature="setUp(java.lang.String)[pri:0, instance:loginScripts.LoginTest@3ad2e17]" started-at="2024-10-18T01:05:30 IST" name="setUp" finished-at="2024-10-18T01:05:33 IST" duration-ms="3082" status="PASS">
          <params>
            <param index="0">
              <value>
                <![CDATA[chrome]]>
              </value>
            </param>
          </params>
          <reporter-output>
          </reporter-output>
        </test-method> <!-- setUp -->
        <test-method signature="loginTest(java.lang.String,java.lang.String,boolean)[pri:0, instance:loginScripts.LoginTest@3ad2e17]" started-at="2024-10-18T01:05:33 IST" name="loginTest" data-provider="loginData" finished-at="2024-10-18T01:05:34 IST" duration-ms="1144" status="PASS">
          <params>
            <param index="0">
              <value>
                <![CDATA[wrongemail@gmail.com]]>
              </value>
            </param>
            <param index="1">
              <value>
                <![CDATA[wrongpass]]>
              </value>
            </param>
            <param index="2">
              <value>
                <![CDATA[false]]>
              </value>
            </param>
          </params>
          <reporter-output>
          </reporter-output>
        </test-method> <!-- loginTest -->
        <test-method is-config="true" signature="tearDown()[pri:0, instance:loginScripts.LoginTest@3ad2e17]" started-at="2024-10-18T01:05:34 IST" name="tearDown" finished-at="2024-10-18T01:05:34 IST" duration-ms="249" status="PASS">
          <reporter-output>
          </reporter-output>
        </test-method> <!-- tearDown -->
        <test-method is-config="true" signature="setUp(java.lang.String)[pri:0, instance:loginScripts.LoginTest@3ad2e17]" started-at="2024-10-18T01:05:34 IST" name="setUp" finished-at="2024-10-18T01:05:36 IST" duration-ms="1582" status="PASS">
          <params>
            <param index="0">
              <value>
                <![CDATA[chrome]]>
              </value>
            </param>
          </params>
          <reporter-output>
          </reporter-output>
        </test-method> <!-- setUp -->
        <test-method signature="loginTest(java.lang.String,java.lang.String,boolean)[pri:0, instance:loginScripts.LoginTest@3ad2e17]" started-at="2024-10-18T01:05:36 IST" name="loginTest" data-provider="loginData" finished-at="2024-10-18T01:05:38 IST" duration-ms="1719" status="PASS">
          <params>
            <param index="0">
              <value>
                <![CDATA[]]>
              </value>
            </param>
            <param index="1">
              <value>
                <![CDATA[1234]]>
              </value>
            </param>
            <param index="2">
              <value>
                <![CDATA[false]]>
              </value>
            </param>
          </params>
          <reporter-output>
          </reporter-output>
        </test-method> <!-- loginTest -->
        <test-method is-config="true" signature="tearDown()[pri:0, instance:loginScripts.LoginTest@3ad2e17]" started-at="2024-10-18T01:05:38 IST" name="tearDown" finished-at="2024-10-18T01:05:38 IST" duration-ms="362" status="PASS">
          <reporter-output>
          </reporter-output>
        </test-method> <!-- tearDown -->
        <test-method is-config="true" signature="setUp(java.lang.String)[pri:0, instance:loginScripts.LoginTest@3ad2e17]" started-at="2024-10-18T01:05:38 IST" name="setUp" finished-at="2024-10-18T01:05:41 IST" duration-ms="2833" status="PASS">
          <params>
            <param index="0">
              <value>
                <![CDATA[chrome]]>
              </value>
            </param>
          </params>
          <reporter-output>
          </reporter-output>
        </test-method> <!-- setUp -->
        <test-method signature="loginTest(java.lang.String,java.lang.String,boolean)[pri:0, instance:loginScripts.LoginTest@3ad2e17]" started-at="2024-10-18T01:05:41 IST" name="loginTest" data-provider="loginData" finished-at="2024-10-18T01:05:41 IST" duration-ms="706" status="PASS">
          <params>
            <param index="0">
              <value>
                <![CDATA[ajitsuryawanshi65392@gmail.com]]>
              </value>
            </param>
            <param index="1">
              <value>
                <![CDATA[]]>
              </value>
            </param>
            <param index="2">
              <value>
                <![CDATA[false]]>
              </value>
            </param>
          </params>
          <reporter-output>
          </reporter-output>
        </test-method> <!-- loginTest -->
        <test-method is-config="true" signature="tearDown()[pri:0, instance:loginScripts.LoginTest@3ad2e17]" started-at="2024-10-18T01:05:41 IST" name="tearDown" finished-at="2024-10-18T01:05:42 IST" duration-ms="232" status="PASS">
          <reporter-output>
          </reporter-output>
        </test-method> <!-- tearDown -->
      </class> <!-- loginScripts.LoginTest -->
    </test> <!-- Chrome Test -->
    <test started-at="2024-10-18T01:05:08 IST" name="Firefox Test" finished-at="2024-10-18T01:06:02 IST" duration-ms="53737">
      <class name="loginScripts.LoginTest">
        <test-method is-config="true" signature="setUp(java.lang.String)[pri:0, instance:loginScripts.LoginTest@3e7dd664]" started-at="2024-10-18T01:05:08 IST" name="setUp" finished-at="2024-10-18T01:05:24 IST" duration-ms="15517" status="PASS">
          <params>
            <param index="0">
              <value>
                <![CDATA[firefox]]>
              </value>
            </param>
          </params>
          <reporter-output>
          </reporter-output>
        </test-method> <!-- setUp -->
        <test-method signature="loginTest(java.lang.String,java.lang.String,boolean)[pri:0, instance:loginScripts.LoginTest@3e7dd664]" started-at="2024-10-18T01:05:24 IST" name="loginTest" data-provider="loginData" finished-at="2024-10-18T01:05:31 IST" duration-ms="7496" status="PASS">
          <params>
            <param index="0">
              <value>
                <![CDATA[ajitsuryawanshi65392@gmail.com]]>
              </value>
            </param>
            <param index="1">
              <value>
                <![CDATA[1234]]>
              </value>
            </param>
            <param index="2">
              <value>
                <![CDATA[true]]>
              </value>
            </param>
          </params>
          <reporter-output>
          </reporter-output>
        </test-method> <!-- loginTest -->
        <test-method is-config="true" signature="tearDown()[pri:0, instance:loginScripts.LoginTest@3e7dd664]" started-at="2024-10-18T01:05:31 IST" name="tearDown" finished-at="2024-10-18T01:05:34 IST" duration-ms="2365" status="PASS">
          <reporter-output>
          </reporter-output>
        </test-method> <!-- tearDown -->
        <test-method is-config="true" signature="setUp(java.lang.String)[pri:0, instance:loginScripts.LoginTest@3e7dd664]" started-at="2024-10-18T01:05:34 IST" name="setUp" finished-at="2024-10-18T01:05:42 IST" duration-ms="8727" status="PASS">
          <params>
            <param index="0">
              <value>
                <![CDATA[firefox]]>
              </value>
            </param>
          </params>
          <reporter-output>
          </reporter-output>
        </test-method> <!-- setUp -->
        <test-method signature="loginTest(java.lang.String,java.lang.String,boolean)[pri:0, instance:loginScripts.LoginTest@3e7dd664]" started-at="2024-10-18T01:05:42 IST" name="loginTest" data-provider="loginData" finished-at="2024-10-18T01:05:43 IST" duration-ms="898" status="PASS">
          <params>
            <param index="0">
              <value>
                <![CDATA[wrongemail@gmail.com]]>
              </value>
            </param>
            <param index="1">
              <value>
                <![CDATA[wrongpass]]>
              </value>
            </param>
            <param index="2">
              <value>
                <![CDATA[false]]>
              </value>
            </param>
          </params>
          <reporter-output>
          </reporter-output>
        </test-method> <!-- loginTest -->
        <test-method is-config="true" signature="tearDown()[pri:0, instance:loginScripts.LoginTest@3e7dd664]" started-at="2024-10-18T01:05:43 IST" name="tearDown" finished-at="2024-10-18T01:05:45 IST" duration-ms="1163" status="PASS">
          <reporter-output>
          </reporter-output>
        </test-method> <!-- tearDown -->
        <test-method is-config="true" signature="setUp(java.lang.String)[pri:0, instance:loginScripts.LoginTest@3e7dd664]" started-at="2024-10-18T01:05:45 IST" name="setUp" finished-at="2024-10-18T01:05:52 IST" duration-ms="6984" status="PASS">
          <params>
            <param index="0">
              <value>
                <![CDATA[firefox]]>
              </value>
            </param>
          </params>
          <reporter-output>
          </reporter-output>
        </test-method> <!-- setUp -->
        <test-method signature="loginTest(java.lang.String,java.lang.String,boolean)[pri:0, instance:loginScripts.LoginTest@3e7dd664]" started-at="2024-10-18T01:05:52 IST" name="loginTest" data-provider="loginData" finished-at="2024-10-18T01:05:52 IST" duration-ms="768" status="PASS">
          <params>
            <param index="0">
              <value>
                <![CDATA[]]>
              </value>
            </param>
            <param index="1">
              <value>
                <![CDATA[1234]]>
              </value>
            </param>
            <param index="2">
              <value>
                <![CDATA[false]]>
              </value>
            </param>
          </params>
          <reporter-output>
          </reporter-output>
        </test-method> <!-- loginTest -->
        <test-method is-config="true" signature="tearDown()[pri:0, instance:loginScripts.LoginTest@3e7dd664]" started-at="2024-10-18T01:05:52 IST" name="tearDown" finished-at="2024-10-18T01:05:53 IST" duration-ms="973" status="PASS">
          <reporter-output>
          </reporter-output>
        </test-method> <!-- tearDown -->
        <test-method is-config="true" signature="setUp(java.lang.String)[pri:0, instance:loginScripts.LoginTest@3e7dd664]" started-at="2024-10-18T01:05:53 IST" name="setUp" finished-at="2024-10-18T01:06:00 IST" duration-ms="6799" status="PASS">
          <params>
            <param index="0">
              <value>
                <![CDATA[firefox]]>
              </value>
            </param>
          </params>
          <reporter-output>
          </reporter-output>
        </test-method> <!-- setUp -->
        <test-method signature="loginTest(java.lang.String,java.lang.String,boolean)[pri:0, instance:loginScripts.LoginTest@3e7dd664]" started-at="2024-10-18T01:06:00 IST" name="loginTest" data-provider="loginData" finished-at="2024-10-18T01:06:01 IST" duration-ms="869" status="PASS">
          <params>
            <param index="0">
              <value>
                <![CDATA[ajitsuryawanshi65392@gmail.com]]>
              </value>
            </param>
            <param index="1">
              <value>
                <![CDATA[]]>
              </value>
            </param>
            <param index="2">
              <value>
                <![CDATA[false]]>
              </value>
            </param>
          </params>
          <reporter-output>
          </reporter-output>
        </test-method> <!-- loginTest -->
        <test-method is-config="true" signature="tearDown()[pri:0, instance:loginScripts.LoginTest@3e7dd664]" started-at="2024-10-18T01:06:01 IST" name="tearDown" finished-at="2024-10-18T01:06:02 IST" duration-ms="1066" status="PASS">
          <reporter-output>
          </reporter-output>
        </test-method> <!-- tearDown -->
      </class> <!-- loginScripts.LoginTest -->
    </test> <!-- Firefox Test -->
  </suite> <!-- Login Test Suite -->
</testng-results>
