<?xml version="1.0" encoding="UTF-8"?>
<!-- Generated by org.testng.reporters.JUnitXMLReporter -->
<testsuite ignored="0" hostname="LAPTOP-39B9NA9O" failures="0" tests="4" name="Chrome Test" time="33.441" errors="0" timestamp="2024-10-18T01:05:42 IST">
  <testcase classname="loginScripts.LoginTest" name="loginTest" time="12.516"/>
  <testcase classname="loginScripts.LoginTest" name="loginTest" time="1.144"/>
  <testcase classname="loginScripts.LoginTest" name="loginTest" time="1.719"/>
  <testcase classname="loginScripts.LoginTest" name="loginTest" time="0.706"/>
</testsuite> <!-- Chrome Test -->
