<?xml version="1.0" encoding="UTF-8"?>
<!-- Generated by org.testng.reporters.JUnitXMLReporter -->
<testsuite ignored="0" hostname="LAPTOP-39B9NA9O" failures="0" tests="4" name="Edge Test" time="32.963" errors="0" timestamp="2024-10-18T01:05:41 IST">
  <testcase classname="loginScripts.LoginTest" name="loginTest" time="4.034"/>
  <testcase classname="loginScripts.LoginTest" name="loginTest" time="1.254"/>
  <testcase classname="loginScripts.LoginTest" name="loginTest" time="1.217"/>
  <testcase classname="loginScripts.LoginTest" name="loginTest" time="1.574"/>
</testsuite> <!-- Edge Test -->
