<?xml version="1.0" encoding="UTF-8"?>
<!-- Generated by org.testng.reporters.JUnitXMLReporter -->
<testsuite ignored="0" hostname="LAPTOP-39B9NA9O" failures="0" tests="4" name="Firefox Test" time="53.737" errors="0" timestamp="2024-10-18T01:06:02 IST">
  <testcase classname="loginScripts.LoginTest" name="loginTest" time="7.496"/>
  <testcase classname="loginScripts.LoginTest" name="loginTest" time="0.898"/>
  <testcase classname="loginScripts.LoginTest" name="loginTest" time="0.768"/>
  <testcase classname="loginScripts.LoginTest" name="loginTest" time="0.869"/>
</testsuite> <!-- Firefox Test -->
